  Level4.cpp
  VectorCalculation.h
  AABB.cpp
  Behavior.cpp
  Body.cpp
  Circle.cpp
  CollisionFunctions.cpp
  CollisionGenerator.cpp
  Component.cpp
  EnemyBehavior.cpp
  Engine.cpp
  Follow.cpp
  FrameRateController.cpp
  Game.cpp
  GameObjectSystemComponentConstants.cpp
  Event.cpp
  EventManager.cpp
  GameObject.cpp
  GameObjectFactory.cpp
  GameResourceFactory.cpp
  Generating Code...
  Compiling...
  InputManager.cpp
  Level1.cpp
  Level2.cpp
E:\MSFall2023\CS529\CS529_Jihoon_Bae_Final\CS529_Jihoon_Bae\CS529_Jihoon_Bae\source\Level2.cpp(7,16): warning C4244: 'argument': conversion from 'float' to '_Ty', possible loss of data
E:\MSFall2023\CS529\CS529_Jihoon_Bae_Final\CS529_Jihoon_Bae\CS529_Jihoon_Bae\source\Level2.cpp(7,16): warning C4244:         with
E:\MSFall2023\CS529\CS529_Jihoon_Bae_Final\CS529_Jihoon_Bae\CS529_Jihoon_Bae\source\Level2.cpp(7,16): warning C4244:         [
E:\MSFall2023\CS529\CS529_Jihoon_Bae_Final\CS529_Jihoon_Bae\CS529_Jihoon_Bae\source\Level2.cpp(7,16): warning C4244:             _Ty=int
E:\MSFall2023\CS529\CS529_Jihoon_Bae_Final\CS529_Jihoon_Bae\CS529_Jihoon_Bae\source\Level2.cpp(7,16): warning C4244:         ]
E:\MSFall2023\CS529\CS529_Jihoon_Bae_Final\CS529_Jihoon_Bae\CS529_Jihoon_Bae\source\Level2.cpp(8,15): warning C4244: 'argument': conversion from 'float' to '_Ty', possible loss of data
E:\MSFall2023\CS529\CS529_Jihoon_Bae_Final\CS529_Jihoon_Bae\CS529_Jihoon_Bae\source\Level2.cpp(8,15): warning C4244:         with
E:\MSFall2023\CS529\CS529_Jihoon_Bae_Final\CS529_Jihoon_Bae\CS529_Jihoon_Bae\source\Level2.cpp(8,15): warning C4244:         [
E:\MSFall2023\CS529\CS529_Jihoon_Bae_Final\CS529_Jihoon_Bae\CS529_Jihoon_Bae\source\Level2.cpp(8,15): warning C4244:             _Ty=int
E:\MSFall2023\CS529\CS529_Jihoon_Bae_Final\CS529_Jihoon_Bae\CS529_Jihoon_Bae\source\Level2.cpp(8,15): warning C4244:         ]
E:\MSFall2023\CS529\CS529_Jihoon_Bae_Final\CS529_Jihoon_Bae\CS529_Jihoon_Bae\source\Level2.cpp(5,15): warning C4244: 'initializing': conversion from 'int' to 'float', possible loss of data
E:\MSFall2023\CS529\CS529_Jihoon_Bae_Final\CS529_Jihoon_Bae\CS529_Jihoon_Bae\source\Level2.cpp(68,20): warning C4244: 'initializing': conversion from 'double' to 'float', possible loss of data
  Level3.cpp
  LevelsConstants.cpp
  lodepng.cpp
  OBB.cpp
  PhysicsComponent.cpp
  PhysicsManager.cpp
  PlayerController.cpp
  RenderComponent.cpp
  Root.cpp
  Scene.cpp
  Shape.cpp
  SquareMesh.cpp
  Texture.cpp
  Geometry.cpp
  Material.cpp
  Node.cpp
  pch.cpp
  Generating Code...
  Compiling...
  Matrix3D.cpp
  MyGameEngine.cpp
  Renderer.cpp
  SceneGraph.cpp
  Shader.cpp
  Timer.cpp
E:\MSFall2023\CS529\CS529_Jihoon_Bae_Final\CS529_Jihoon_Bae\CS529_Jihoon_Bae\source\Timer.cpp(59,79): warning C4244: 'return': conversion from '_Rep' to 'double', possible loss of data
E:\MSFall2023\CS529\CS529_Jihoon_Bae_Final\CS529_Jihoon_Bae\CS529_Jihoon_Bae\source\Timer.cpp(59,79): warning C4244:         with
E:\MSFall2023\CS529\CS529_Jihoon_Bae_Final\CS529_Jihoon_Bae\CS529_Jihoon_Bae\source\Timer.cpp(59,79): warning C4244:         [
E:\MSFall2023\CS529\CS529_Jihoon_Bae_Final\CS529_Jihoon_Bae\CS529_Jihoon_Bae\source\Timer.cpp(59,79): warning C4244:             _Rep=__int64
E:\MSFall2023\CS529\CS529_Jihoon_Bae_Final\CS529_Jihoon_Bae\CS529_Jihoon_Bae\source\Timer.cpp(59,79): warning C4244:         ]
  Transform.cpp
  TransformComponent.cpp
  TriangleMesh.cpp
  Utils.cpp
  Vector3D.cpp
  VectorCalculation.cpp
  Weapon.cpp
E:\MSFall2023\CS529\CS529_Jihoon_Bae_Final\CS529_Jihoon_Bae\CS529_Jihoon_Bae\source\Weapon.cpp(40,58): warning C4244: 'argument': conversion from 'genType' to 'int', possible loss of data
E:\MSFall2023\CS529\CS529_Jihoon_Bae_Final\CS529_Jihoon_Bae\CS529_Jihoon_Bae\source\Weapon.cpp(40,58): warning C4244:         with
E:\MSFall2023\CS529\CS529_Jihoon_Bae_Final\CS529_Jihoon_Bae\CS529_Jihoon_Bae\source\Weapon.cpp(40,58): warning C4244:         [
E:\MSFall2023\CS529\CS529_Jihoon_Bae_Final\CS529_Jihoon_Bae\CS529_Jihoon_Bae\source\Weapon.cpp(40,58): warning C4244:             genType=float
E:\MSFall2023\CS529\CS529_Jihoon_Bae_Final\CS529_Jihoon_Bae\CS529_Jihoon_Bae\source\Weapon.cpp(40,58): warning C4244:         ]
E:\MSFall2023\CS529\CS529_Jihoon_Bae_Final\CS529_Jihoon_Bae\CS529_Jihoon_Bae\source\Weapon.cpp(40,29): warning C4244: 'initializing': conversion from 'int' to 'float', possible loss of data
E:\MSFall2023\CS529\CS529_Jihoon_Bae_Final\CS529_Jihoon_Bae\CS529_Jihoon_Bae\source\Weapon.cpp(54,61): warning C4244: 'argument': conversion from 'genType' to 'int', possible loss of data
E:\MSFall2023\CS529\CS529_Jihoon_Bae_Final\CS529_Jihoon_Bae\CS529_Jihoon_Bae\source\Weapon.cpp(54,61): warning C4244:         with
E:\MSFall2023\CS529\CS529_Jihoon_Bae_Final\CS529_Jihoon_Bae\CS529_Jihoon_Bae\source\Weapon.cpp(54,61): warning C4244:         [
E:\MSFall2023\CS529\CS529_Jihoon_Bae_Final\CS529_Jihoon_Bae\CS529_Jihoon_Bae\source\Weapon.cpp(54,61): warning C4244:             genType=float
E:\MSFall2023\CS529\CS529_Jihoon_Bae_Final\CS529_Jihoon_Bae\CS529_Jihoon_Bae\source\Weapon.cpp(54,61): warning C4244:         ]
E:\MSFall2023\CS529\CS529_Jihoon_Bae_Final\CS529_Jihoon_Bae\CS529_Jihoon_Bae\source\Weapon.cpp(54,32): warning C4244: 'initializing': conversion from 'int' to 'float', possible loss of data
  Window.cpp
  Generating Code...
x64\Debug\VectorCalculation.obj : warning LNK4042: object specified more than once; extras ignored
  CS529_Jihoon_Bae.vcxproj -> E:\MSFall2023\CS529\CS529_Jihoon_Bae_Final\CS529_Jihoon_Bae\x64\Debug\CS529_Jihoon_Bae.exe
