c:\users\aky20\cs529\engine\cs529_jihoon_bae\cs529_jihoon_bae\x64\debug\vc143.pdb
c:\users\aky20\cs529\engine\cs529_jihoon_bae\cs529_jihoon_bae\x64\debug\vc143.idb
c:\users\aky20\cs529\engine\cs529_jihoon_bae\cs529_jihoon_bae\x64\debug\physicscomponent.obj
c:\users\aky20\cs529\engine\cs529_jihoon_bae\cs529_jihoon_bae\x64\debug\obb.obj
c:\users\aky20\cs529\engine\cs529_jihoon_bae\cs529_jihoon_bae\x64\debug\lodepng.obj
c:\users\aky20\cs529\engine\cs529_jihoon_bae\cs529_jihoon_bae\x64\debug\inputmanager.obj
c:\users\aky20\cs529\engine\cs529_jihoon_bae\cs529_jihoon_bae\x64\debug\gameresourcefactory.obj
c:\users\aky20\cs529\engine\cs529_jihoon_bae\cs529_jihoon_bae\x64\debug\gameobjectfactory.obj
c:\users\aky20\cs529\engine\cs529_jihoon_bae\cs529_jihoon_bae\x64\debug\gameobject.obj
c:\users\aky20\cs529\engine\cs529_jihoon_bae\cs529_jihoon_bae\x64\debug\eventmanager.obj
c:\users\aky20\cs529\engine\cs529_jihoon_bae\cs529_jihoon_bae\x64\debug\event.obj
c:\users\aky20\cs529\engine\cs529_jihoon_bae\cs529_jihoon_bae\x64\debug\gameobjectsystemcomponentconstants.obj
c:\users\aky20\cs529\engine\cs529_jihoon_bae\cs529_jihoon_bae\x64\debug\game.obj
c:\users\aky20\cs529\engine\cs529_jihoon_bae\cs529_jihoon_bae\x64\debug\engine.obj
c:\users\aky20\cs529\engine\cs529_jihoon_bae\cs529_jihoon_bae\x64\debug\component.obj
c:\users\aky20\cs529\engine\cs529_jihoon_bae\cs529_jihoon_bae\x64\debug\collisiongenerator.obj
c:\users\aky20\cs529\engine\cs529_jihoon_bae\cs529_jihoon_bae\x64\debug\collisionfunctions.obj
c:\users\aky20\cs529\engine\cs529_jihoon_bae\cs529_jihoon_bae\x64\debug\circle.obj
c:\users\aky20\cs529\engine\cs529_jihoon_bae\cs529_jihoon_bae\x64\debug\body.obj
c:\users\aky20\cs529\engine\cs529_jihoon_bae\cs529_jihoon_bae\x64\debug\behavior.obj
c:\users\aky20\cs529\engine\cs529_jihoon_bae\cs529_jihoon_bae\x64\debug\aabb.obj
c:\users\aky20\cs529\engine\cs529_jihoon_bae\cs529_jihoon_bae\x64\debug\vectorcalculation.obj
c:\users\aky20\cs529\engine\cs529_jihoon_bae\cs529_jihoon_bae\x64\debug\vector3d.obj
c:\users\aky20\cs529\engine\cs529_jihoon_bae\cs529_jihoon_bae\x64\debug\utils.obj
c:\users\aky20\cs529\engine\cs529_jihoon_bae\cs529_jihoon_bae\x64\debug\trianglemesh.obj
c:\users\aky20\cs529\engine\cs529_jihoon_bae\cs529_jihoon_bae\x64\debug\transformcomponent.obj
c:\users\aky20\cs529\engine\cs529_jihoon_bae\cs529_jihoon_bae\x64\debug\transform.obj
c:\users\aky20\cs529\engine\cs529_jihoon_bae\cs529_jihoon_bae\x64\debug\shader.obj
c:\users\aky20\cs529\engine\cs529_jihoon_bae\cs529_jihoon_bae\x64\debug\scenegraph.obj
c:\users\aky20\cs529\engine\cs529_jihoon_bae\cs529_jihoon_bae\x64\debug\renderer.obj
c:\users\aky20\cs529\engine\cs529_jihoon_bae\cs529_jihoon_bae\x64\debug\mygameengine.obj
c:\users\aky20\cs529\engine\cs529_jihoon_bae\cs529_jihoon_bae\x64\debug\matrix3d.obj
c:\users\aky20\cs529\engine\cs529_jihoon_bae\cs529_jihoon_bae\x64\debug\pch.obj
c:\users\aky20\cs529\engine\cs529_jihoon_bae\cs529_jihoon_bae\x64\debug\node.obj
c:\users\aky20\cs529\engine\cs529_jihoon_bae\cs529_jihoon_bae\x64\debug\material.obj
c:\users\aky20\cs529\engine\cs529_jihoon_bae\cs529_jihoon_bae\x64\debug\geometry.obj
c:\users\aky20\cs529\engine\cs529_jihoon_bae\cs529_jihoon_bae\x64\debug\texture.obj
c:\users\aky20\cs529\engine\cs529_jihoon_bae\cs529_jihoon_bae\x64\debug\shape.obj
c:\users\aky20\cs529\engine\cs529_jihoon_bae\cs529_jihoon_bae\x64\debug\rendercomponent.obj
c:\users\aky20\cs529\engine\cs529_jihoon_bae\cs529_jihoon_bae\x64\debug\playercontroller.obj
c:\users\aky20\cs529\engine\cs529_jihoon_bae\cs529_jihoon_bae\x64\debug\physicsmanager.obj
c:\users\aky20\cs529\engine\cs529_jihoon_bae\cs529_jihoon_bae\x64\debug\window.obj
c:\users\aky20\cs529\engine\cs529_jihoon_bae\x64\debug\cs529_jihoon_bae.exe
c:\users\aky20\cs529\engine\cs529_jihoon_bae\cs529_jihoon_bae\x64\debug\cs529_jihoon_bae.ilk
c:\users\aky20\cs529\engine\cs529_jihoon_bae\x64\debug\cs529_jihoon_bae.pdb
c:\users\aky20\cs529\engine\cs529_jihoon_bae\cs529_jihoon_bae\x64\debug\cs529_jihoon_bae.tlog\cl.command.1.tlog
c:\users\aky20\cs529\engine\cs529_jihoon_bae\cs529_jihoon_bae\x64\debug\cs529_jihoon_bae.tlog\cl.items.tlog
c:\users\aky20\cs529\engine\cs529_jihoon_bae\cs529_jihoon_bae\x64\debug\cs529_jihoon_bae.tlog\cl.read.1.tlog
c:\users\aky20\cs529\engine\cs529_jihoon_bae\cs529_jihoon_bae\x64\debug\cs529_jihoon_bae.tlog\cl.write.1.tlog
c:\users\aky20\cs529\engine\cs529_jihoon_bae\cs529_jihoon_bae\x64\debug\cs529_jihoon_bae.tlog\link.command.1.tlog
c:\users\aky20\cs529\engine\cs529_jihoon_bae\cs529_jihoon_bae\x64\debug\cs529_jihoon_bae.tlog\link.read.1.tlog
c:\users\aky20\cs529\engine\cs529_jihoon_bae\cs529_jihoon_bae\x64\debug\cs529_jihoon_bae.tlog\link.write.1.tlog
